This is pdfTeX, Version 3.14159265-2.6-1.40.18 (TeX Live 2017/Debian) (preloaded format=pdflatex 2018.10.22)  17 JUN 2019 20:00
entering extended mode
 restricted \write18 enabled.
 %&-line parsing enabled.
**diplom.tex
(./diplom.tex
LaTeX2e <2017-04-15>
Babel <3.18> and hyphenation patterns for 84 language(s) loaded.
(./mipt-thesis-bs.cls

LaTeX Warning: You have requested document class `mipt-thesis-bs',
               but the document class provides `mipt-thesis'.

Document Class: mipt-thesis 2019/01/21 Class for the BS thesis in the MIPT
(/usr/share/texlive/texmf-dist/tex/latex/base/report.cls
Document Class: report 2014/09/29 v1.4h Standard LaTeX document class
(/usr/share/texlive/texmf-dist/tex/latex/base/size12.clo
File: size12.clo 2014/09/29 v1.4h Standard LaTeX file (size option)
)
\c@part=\count79
\c@chapter=\count80
\c@section=\count81
\c@subsection=\count82
\c@subsubsection=\count83
\c@paragraph=\count84
\c@subparagraph=\count85
\c@figure=\count86
\c@table=\count87
\abovecaptionskip=\skip41
\belowcaptionskip=\skip42
\bibindent=\dimen102
)
(/usr/share/texlive/texmf-dist/tex/latex/amsmath/amsmath.sty
Package: amsmath 2017/09/02 v2.17a AMS math features
\@mathmargin=\skip43

For additional information on amsmath, use the `?' option.
(/usr/share/texlive/texmf-dist/tex/latex/amsmath/amstext.sty
Package: amstext 2000/06/29 v2.01 AMS text

(/usr/share/texlive/texmf-dist/tex/latex/amsmath/amsgen.sty
File: amsgen.sty 1999/11/30 v2.0 generic functions
\@emptytoks=\toks14
\ex@=\dimen103
))
(/usr/share/texlive/texmf-dist/tex/latex/amsmath/amsbsy.sty
Package: amsbsy 1999/11/29 v1.2d Bold Symbols
\pmbraise@=\dimen104
)
(/usr/share/texlive/texmf-dist/tex/latex/amsmath/amsopn.sty
Package: amsopn 2016/03/08 v2.02 operator names
)
\inf@bad=\count88
LaTeX Info: Redefining \frac on input line 213.
\uproot@=\count89
\leftroot@=\count90
LaTeX Info: Redefining \overline on input line 375.
\classnum@=\count91
\DOTSCASE@=\count92
LaTeX Info: Redefining \ldots on input line 472.
LaTeX Info: Redefining \dots on input line 475.
LaTeX Info: Redefining \cdots on input line 596.
\Mathstrutbox@=\box26
\strutbox@=\box27
\big@size=\dimen105
LaTeX Font Info:    Redeclaring font encoding OML on input line 712.
LaTeX Font Info:    Redeclaring font encoding OMS on input line 713.
\macc@depth=\count93
\c@MaxMatrixCols=\count94
\dotsspace@=\muskip10
\c@parentequation=\count95
\dspbrk@lvl=\count96
\tag@help=\toks15
\row@=\count97
\column@=\count98
\maxfields@=\count99
\andhelp@=\toks16
\eqnshift@=\dimen106
\alignsep@=\dimen107
\tagshift@=\dimen108
\tagwidth@=\dimen109
\totwidth@=\dimen110
\lineht@=\dimen111
\@envbody=\toks17
\multlinegap=\skip44
\multlinetaggap=\skip45
\mathdisplay@stack=\toks18
LaTeX Info: Redefining \[ on input line 2817.
LaTeX Info: Redefining \] on input line 2818.
)
(/usr/share/texlive/texmf-dist/tex/latex/amscls/amsthm.sty
Package: amsthm 2017/10/31 v2.20.4
\thm@style=\toks19
\thm@bodyfont=\toks20
\thm@headfont=\toks21
\thm@notefont=\toks22
\thm@headpunct=\toks23
\thm@preskip=\skip46
\thm@postskip=\skip47
\thm@headsep=\skip48
\dth@everypar=\toks24
)
(/usr/share/texlive/texmf-dist/tex/latex/amsfonts/amssymb.sty
Package: amssymb 2013/01/14 v3.01 AMS font symbols

(/usr/share/texlive/texmf-dist/tex/latex/amsfonts/amsfonts.sty
Package: amsfonts 2013/01/14 v3.01 Basic AMSFonts support
\symAMSa=\mathgroup4
\symAMSb=\mathgroup5
LaTeX Font Info:    Overwriting math alphabet `\mathfrak' in version `bold'
(Font)                  U/euf/m/n --> U/euf/b/n on input line 106.
))
(/usr/share/texlive/texmf-dist/tex/latex/t2/mathtext.sty
Package: mathtext 1999/01/28 v1.0 transparent text-and-math defs
LaTeX Info: Redefining \halign on input line 111.
)
(/usr/share/texlive/texmf-dist/tex/latex/base/fontenc.sty
Package: fontenc 2017/04/05 v2.0i Standard LaTeX package

(/usr/share/texlive/texmf-dist/tex/latex/base/t1enc.def
File: t1enc.def 2017/04/05 v2.0i Standard LaTeX file
LaTeX Font Info:    Redeclaring font encoding T1 on input line 48.
\symT1letters=\mathgroup6
)
(/usr/share/texlive/texmf-dist/tex/latex/base/ts1enc.def
File: ts1enc.def 2001/06/05 v3.0e (jk/car/fm) Standard LaTeX file
\symTS1letters=\mathgroup7
)
(/usr/share/texlive/texmf-dist/tex/latex/cyrillic/t2aenc.def
File: t2aenc.def 2005/09/27 v1.0i Cyrillic encoding definition file
\symT2Aletters=\mathgroup8
)
LaTeX Font Info:    Try loading font information for T2A+cmr on input line 105.


(/usr/share/texlive/texmf-dist/tex/latex/cyrillic/t2acmr.fd
File: t2acmr.fd 2001/08/11 v1.0a Computer Modern Cyrillic font definitions
))
(/usr/share/texlive/texmf-dist/tex/latex/psnfss/mathptmx.sty
Package: mathptmx 2005/04/12 PSNFSS-v9.2a Times w/ Math, improved (SPQR, WaS) 
LaTeX Font Info:    Redeclaring symbol font `operators' on input line 28.
LaTeX Font Info:    Overwriting symbol font `operators' in version `normal'
(Font)                  OT1/cmr/m/n --> OT1/ztmcm/m/n on input line 28.
LaTeX Font Info:    Overwriting symbol font `operators' in version `bold'
(Font)                  OT1/cmr/bx/n --> OT1/ztmcm/m/n on input line 28.
LaTeX Font Info:    Redeclaring symbol font `letters' on input line 29.
LaTeX Font Info:    Overwriting symbol font `letters' in version `normal'
(Font)                  OML/cmm/m/it --> OML/ztmcm/m/it on input line 29.
LaTeX Font Info:    Overwriting symbol font `letters' in version `bold'
(Font)                  OML/cmm/b/it --> OML/ztmcm/m/it on input line 29.
LaTeX Font Info:    Redeclaring symbol font `symbols' on input line 30.
LaTeX Font Info:    Overwriting symbol font `symbols' in version `normal'
(Font)                  OMS/cmsy/m/n --> OMS/ztmcm/m/n on input line 30.
LaTeX Font Info:    Overwriting symbol font `symbols' in version `bold'
(Font)                  OMS/cmsy/b/n --> OMS/ztmcm/m/n on input line 30.
LaTeX Font Info:    Redeclaring symbol font `largesymbols' on input line 31.
LaTeX Font Info:    Overwriting symbol font `largesymbols' in version `normal'
(Font)                  OMX/cmex/m/n --> OMX/ztmcm/m/n on input line 31.
LaTeX Font Info:    Overwriting symbol font `largesymbols' in version `bold'
(Font)                  OMX/cmex/m/n --> OMX/ztmcm/m/n on input line 31.
\symbold=\mathgroup9
\symitalic=\mathgroup10
LaTeX Font Info:    Redeclaring math alphabet \mathbf on input line 34.
LaTeX Font Info:    Overwriting math alphabet `\mathbf' in version `normal'
(Font)                  OT1/cmr/bx/n --> OT1/ptm/bx/n on input line 34.
LaTeX Font Info:    Overwriting math alphabet `\mathbf' in version `bold'
(Font)                  OT1/cmr/bx/n --> OT1/ptm/bx/n on input line 34.
LaTeX Font Info:    Redeclaring math alphabet \mathit on input line 35.
LaTeX Font Info:    Overwriting math alphabet `\mathit' in version `normal'
(Font)                  OT1/cmr/m/it --> OT1/ptm/m/it on input line 35.
LaTeX Font Info:    Overwriting math alphabet `\mathit' in version `bold'
(Font)                  OT1/cmr/bx/it --> OT1/ptm/m/it on input line 35.
LaTeX Info: Redefining \hbar on input line 50.
)
(/usr/share/texlive/texmf-dist/tex/latex/base/inputenc.sty
Package: inputenc 2015/03/17 v1.2c Input encoding file
\inpenc@prehook=\toks25
\inpenc@posthook=\toks26

(/usr/share/texlive/texmf-dist/tex/latex/base/utf8.def
File: utf8.def 2017/01/28 v1.1t UTF-8 support for inputenc
Now handling font encoding OML ...
... no UTF-8 mapping file for font encoding OML
Now handling font encoding T1 ...
... processing UTF-8 mapping file for font encoding T1

(/usr/share/texlive/texmf-dist/tex/latex/base/t1enc.dfu
File: t1enc.dfu 2017/01/28 v1.1t UTF-8 support for inputenc
   defining Unicode char U+00A0 (decimal 160)
   defining Unicode char U+00A1 (decimal 161)
   defining Unicode char U+00A3 (decimal 163)
   defining Unicode char U+00AB (decimal 171)
   defining Unicode char U+00AD (decimal 173)
   defining Unicode char U+00BB (decimal 187)
   defining Unicode char U+00BF (decimal 191)
   defining Unicode char U+00C0 (decimal 192)
   defining Unicode char U+00C1 (decimal 193)
   defining Unicode char U+00C2 (decimal 194)
   defining Unicode char U+00C3 (decimal 195)
   defining Unicode char U+00C4 (decimal 196)
   defining Unicode char U+00C5 (decimal 197)
   defining Unicode char U+00C6 (decimal 198)
   defining Unicode char U+00C7 (decimal 199)
   defining Unicode char U+00C8 (decimal 200)
   defining Unicode char U+00C9 (decimal 201)
   defining Unicode char U+00CA (decimal 202)
   defining Unicode char U+00CB (decimal 203)
   defining Unicode char U+00CC (decimal 204)
   defining Unicode char U+00CD (decimal 205)
   defining Unicode char U+00CE (decimal 206)
   defining Unicode char U+00CF (decimal 207)
   defining Unicode char U+00D0 (decimal 208)
   defining Unicode char U+00D1 (decimal 209)
   defining Unicode char U+00D2 (decimal 210)
   defining Unicode char U+00D3 (decimal 211)
   defining Unicode char U+00D4 (decimal 212)
   defining Unicode char U+00D5 (decimal 213)
   defining Unicode char U+00D6 (decimal 214)
   defining Unicode char U+00D8 (decimal 216)
   defining Unicode char U+00D9 (decimal 217)
   defining Unicode char U+00DA (decimal 218)
   defining Unicode char U+00DB (decimal 219)
   defining Unicode char U+00DC (decimal 220)
   defining Unicode char U+00DD (decimal 221)
   defining Unicode char U+00DE (decimal 222)
   defining Unicode char U+00DF (decimal 223)
   defining Unicode char U+00E0 (decimal 224)
   defining Unicode char U+00E1 (decimal 225)
   defining Unicode char U+00E2 (decimal 226)
   defining Unicode char U+00E3 (decimal 227)
   defining Unicode char U+00E4 (decimal 228)
   defining Unicode char U+00E5 (decimal 229)
   defining Unicode char U+00E6 (decimal 230)
   defining Unicode char U+00E7 (decimal 231)
   defining Unicode char U+00E8 (decimal 232)
   defining Unicode char U+00E9 (decimal 233)
   defining Unicode char U+00EA (decimal 234)
   defining Unicode char U+00EB (decimal 235)
   defining Unicode char U+00EC (decimal 236)
   defining Unicode char U+00ED (decimal 237)
   defining Unicode char U+00EE (decimal 238)
   defining Unicode char U+00EF (decimal 239)
   defining Unicode char U+00F0 (decimal 240)
   defining Unicode char U+00F1 (decimal 241)
   defining Unicode char U+00F2 (decimal 242)
   defining Unicode char U+00F3 (decimal 243)
   defining Unicode char U+00F4 (decimal 244)
   defining Unicode char U+00F5 (decimal 245)
   defining Unicode char U+00F6 (decimal 246)
   defining Unicode char U+00F8 (decimal 248)
   defining Unicode char U+00F9 (decimal 249)
   defining Unicode char U+00FA (decimal 250)
   defining Unicode char U+00FB (decimal 251)
   defining Unicode char U+00FC (decimal 252)
   defining Unicode char U+00FD (decimal 253)
   defining Unicode char U+00FE (decimal 254)
   defining Unicode char U+00FF (decimal 255)
   defining Unicode char U+0100 (decimal 256)
   defining Unicode char U+0101 (decimal 257)
   defining Unicode char U+0102 (decimal 258)
   defining Unicode char U+0103 (decimal 259)
   defining Unicode char U+0104 (decimal 260)
   defining Unicode char U+0105 (decimal 261)
   defining Unicode char U+0106 (decimal 262)
   defining Unicode char U+0107 (decimal 263)
   defining Unicode char U+0108 (decimal 264)
   defining Unicode char U+0109 (decimal 265)
   defining Unicode char U+010A (decimal 266)
   defining Unicode char U+010B (decimal 267)
   defining Unicode char U+010C (decimal 268)
   defining Unicode char U+010D (decimal 269)
   defining Unicode char U+010E (decimal 270)
   defining Unicode char U+010F (decimal 271)
   defining Unicode char U+0110 (decimal 272)
   defining Unicode char U+0111 (decimal 273)
   defining Unicode char U+0112 (decimal 274)
   defining Unicode char U+0113 (decimal 275)
   defining Unicode char U+0114 (decimal 276)
   defining Unicode char U+0115 (decimal 277)
   defining Unicode char U+0116 (decimal 278)
   defining Unicode char U+0117 (decimal 279)
   defining Unicode char U+0118 (decimal 280)
   defining Unicode char U+0119 (decimal 281)
   defining Unicode char U+011A (decimal 282)
   defining Unicode char U+011B (decimal 283)
   defining Unicode char U+011C (decimal 284)
   defining Unicode char U+011D (decimal 285)
   defining Unicode char U+011E (decimal 286)
   defining Unicode char U+011F (decimal 287)
   defining Unicode char U+0120 (decimal 288)
   defining Unicode char U+0121 (decimal 289)
   defining Unicode char U+0122 (decimal 290)
   defining Unicode char U+0123 (decimal 291)
   defining Unicode char U+0124 (decimal 292)
   defining Unicode char U+0125 (decimal 293)
   defining Unicode char U+0128 (decimal 296)
   defining Unicode char U+0129 (decimal 297)
   defining Unicode char U+012A (decimal 298)
   defining Unicode char U+012B (decimal 299)
   defining Unicode char U+012C (decimal 300)
   defining Unicode char U+012D (decimal 301)
   defining Unicode char U+012E (decimal 302)
   defining Unicode char U+012F (decimal 303)
   defining Unicode char U+0130 (decimal 304)
   defining Unicode char U+0131 (decimal 305)
   defining Unicode char U+0132 (decimal 306)
   defining Unicode char U+0133 (decimal 307)
   defining Unicode char U+0134 (decimal 308)
   defining Unicode char U+0135 (decimal 309)
   defining Unicode char U+0136 (decimal 310)
   defining Unicode char U+0137 (decimal 311)
   defining Unicode char U+0139 (decimal 313)
   defining Unicode char U+013A (decimal 314)
   defining Unicode char U+013B (decimal 315)
   defining Unicode char U+013C (decimal 316)
   defining Unicode char U+013D (decimal 317)
   defining Unicode char U+013E (decimal 318)
   defining Unicode char U+0141 (decimal 321)
   defining Unicode char U+0142 (decimal 322)
   defining Unicode char U+0143 (decimal 323)
   defining Unicode char U+0144 (decimal 324)
   defining Unicode char U+0145 (decimal 325)
   defining Unicode char U+0146 (decimal 326)
   defining Unicode char U+0147 (decimal 327)
   defining Unicode char U+0148 (decimal 328)
   defining Unicode char U+014A (decimal 330)
   defining Unicode char U+014B (decimal 331)
   defining Unicode char U+014C (decimal 332)
   defining Unicode char U+014D (decimal 333)
   defining Unicode char U+014E (decimal 334)
   defining Unicode char U+014F (decimal 335)
   defining Unicode char U+0150 (decimal 336)
   defining Unicode char U+0151 (decimal 337)
   defining Unicode char U+0152 (decimal 338)
   defining Unicode char U+0153 (decimal 339)
   defining Unicode char U+0154 (decimal 340)
   defining Unicode char U+0155 (decimal 341)
   defining Unicode char U+0156 (decimal 342)
   defining Unicode char U+0157 (decimal 343)
   defining Unicode char U+0158 (decimal 344)
   defining Unicode char U+0159 (decimal 345)
   defining Unicode char U+015A (decimal 346)
   defining Unicode char U+015B (decimal 347)
   defining Unicode char U+015C (decimal 348)
   defining Unicode char U+015D (decimal 349)
   defining Unicode char U+015E (decimal 350)
   defining Unicode char U+015F (decimal 351)
   defining Unicode char U+0160 (decimal 352)
   defining Unicode char U+0161 (decimal 353)
   defining Unicode char U+0162 (decimal 354)
   defining Unicode char U+0163 (decimal 355)
   defining Unicode char U+0164 (decimal 356)
   defining Unicode char U+0165 (decimal 357)
   defining Unicode char U+0168 (decimal 360)
   defining Unicode char U+0169 (decimal 361)
   defining Unicode char U+016A (decimal 362)
   defining Unicode char U+016B (decimal 363)
   defining Unicode char U+016C (decimal 364)
   defining Unicode char U+016D (decimal 365)
   defining Unicode char U+016E (decimal 366)
   defining Unicode char U+016F (decimal 367)
   defining Unicode char U+0170 (decimal 368)
   defining Unicode char U+0171 (decimal 369)
   defining Unicode char U+0172 (decimal 370)
   defining Unicode char U+0173 (decimal 371)
   defining Unicode char U+0174 (decimal 372)
   defining Unicode char U+0175 (decimal 373)
   defining Unicode char U+0176 (decimal 374)
   defining Unicode char U+0177 (decimal 375)
   defining Unicode char U+0178 (decimal 376)
   defining Unicode char U+0179 (decimal 377)
   defining Unicode char U+017A (decimal 378)
   defining Unicode char U+017B (decimal 379)
   defining Unicode char U+017C (decimal 380)
   defining Unicode char U+017D (decimal 381)
   defining Unicode char U+017E (decimal 382)
   defining Unicode char U+01CD (decimal 461)
   defining Unicode char U+01CE (decimal 462)
   defining Unicode char U+01CF (decimal 463)
   defining Unicode char U+01D0 (decimal 464)
   defining Unicode char U+01D1 (decimal 465)
   defining Unicode char U+01D2 (decimal 466)
   defining Unicode char U+01D3 (decimal 467)
   defining Unicode char U+01D4 (decimal 468)
   defining Unicode char U+01E2 (decimal 482)
   defining Unicode char U+01E3 (decimal 483)
   defining Unicode char U+01E6 (decimal 486)
   defining Unicode char U+01E7 (decimal 487)
   defining Unicode char U+01E8 (decimal 488)
   defining Unicode char U+01E9 (decimal 489)
   defining Unicode char U+01EA (decimal 490)
   defining Unicode char U+01EB (decimal 491)
   defining Unicode char U+01F0 (decimal 496)
   defining Unicode char U+01F4 (decimal 500)
   defining Unicode char U+01F5 (decimal 501)
   defining Unicode char U+0218 (decimal 536)
   defining Unicode char U+0219 (decimal 537)
   defining Unicode char U+021A (decimal 538)
   defining Unicode char U+021B (decimal 539)
   defining Unicode char U+0232 (decimal 562)
   defining Unicode char U+0233 (decimal 563)
   defining Unicode char U+1E02 (decimal 7682)
   defining Unicode char U+1E03 (decimal 7683)
   defining Unicode char U+200C (decimal 8204)
   defining Unicode char U+2010 (decimal 8208)
   defining Unicode char U+2011 (decimal 8209)
   defining Unicode char U+2012 (decimal 8210)
   defining Unicode char U+2013 (decimal 8211)
   defining Unicode char U+2014 (decimal 8212)
   defining Unicode char U+2015 (decimal 8213)
   defining Unicode char U+2018 (decimal 8216)
   defining Unicode char U+2019 (decimal 8217)
   defining Unicode char U+201A (decimal 8218)
   defining Unicode char U+201C (decimal 8220)
   defining Unicode char U+201D (decimal 8221)
   defining Unicode char U+201E (decimal 8222)
   defining Unicode char U+2030 (decimal 8240)
   defining Unicode char U+2031 (decimal 8241)
   defining Unicode char U+2039 (decimal 8249)
   defining Unicode char U+203A (decimal 8250)
   defining Unicode char U+2423 (decimal 9251)
   defining Unicode char U+1E20 (decimal 7712)
   defining Unicode char U+1E21 (decimal 7713)
)
Now handling font encoding OT1 ...
... processing UTF-8 mapping file for font encoding OT1

(/usr/share/texlive/texmf-dist/tex/latex/base/ot1enc.dfu
File: ot1enc.dfu 2017/01/28 v1.1t UTF-8 support for inputenc
   defining Unicode char U+00A0 (decimal 160)
   defining Unicode char U+00A1 (decimal 161)
   defining Unicode char U+00A3 (decimal 163)
   defining Unicode char U+00AD (decimal 173)
   defining Unicode char U+00B8 (decimal 184)
   defining Unicode char U+00BF (decimal 191)
   defining Unicode char U+00C5 (decimal 197)
   defining Unicode char U+00C6 (decimal 198)
   defining Unicode char U+00D8 (decimal 216)
   defining Unicode char U+00DF (decimal 223)
   defining Unicode char U+00E6 (decimal 230)
   defining Unicode char U+00EC (decimal 236)
   defining Unicode char U+00ED (decimal 237)
   defining Unicode char U+00EE (decimal 238)
   defining Unicode char U+00EF (decimal 239)
   defining Unicode char U+00F8 (decimal 248)
   defining Unicode char U+0131 (decimal 305)
   defining Unicode char U+0141 (decimal 321)
   defining Unicode char U+0142 (decimal 322)
   defining Unicode char U+0152 (decimal 338)
   defining Unicode char U+0153 (decimal 339)
   defining Unicode char U+0174 (decimal 372)
   defining Unicode char U+0175 (decimal 373)
   defining Unicode char U+0176 (decimal 374)
   defining Unicode char U+0177 (decimal 375)
   defining Unicode char U+0218 (decimal 536)
   defining Unicode char U+0219 (decimal 537)
   defining Unicode char U+021A (decimal 538)
   defining Unicode char U+021B (decimal 539)
   defining Unicode char U+2013 (decimal 8211)
   defining Unicode char U+2014 (decimal 8212)
   defining Unicode char U+2018 (decimal 8216)
   defining Unicode char U+2019 (decimal 8217)
   defining Unicode char U+201C (decimal 8220)
   defining Unicode char U+201D (decimal 8221)
)
Now handling font encoding OMS ...
... processing UTF-8 mapping file for font encoding OMS

(/usr/share/texlive/texmf-dist/tex/latex/base/omsenc.dfu
File: omsenc.dfu 2017/01/28 v1.1t UTF-8 support for inputenc
   defining Unicode char U+00A7 (decimal 167)
   defining Unicode char U+00B6 (decimal 182)
   defining Unicode char U+00B7 (decimal 183)
   defining Unicode char U+2020 (decimal 8224)
   defining Unicode char U+2021 (decimal 8225)
   defining Unicode char U+2022 (decimal 8226)
)
Now handling font encoding OMX ...
... no UTF-8 mapping file for font encoding OMX
Now handling font encoding U ...
... no UTF-8 mapping file for font encoding U
Now handling font encoding TS1 ...
... processing UTF-8 mapping file for font encoding TS1

(/usr/share/texlive/texmf-dist/tex/latex/base/ts1enc.dfu
File: ts1enc.dfu 2017/01/28 v1.1t UTF-8 support for inputenc
   defining Unicode char U+00A2 (decimal 162)
   defining Unicode char U+00A3 (decimal 163)
   defining Unicode char U+00A4 (decimal 164)
   defining Unicode char U+00A5 (decimal 165)
   defining Unicode char U+00A6 (decimal 166)
   defining Unicode char U+00A7 (decimal 167)
   defining Unicode char U+00A8 (decimal 168)
   defining Unicode char U+00A9 (decimal 169)
   defining Unicode char U+00AA (decimal 170)
   defining Unicode char U+00AC (decimal 172)
   defining Unicode char U+00AE (decimal 174)
   defining Unicode char U+00AF (decimal 175)
   defining Unicode char U+00B0 (decimal 176)
   defining Unicode char U+00B1 (decimal 177)
   defining Unicode char U+00B2 (decimal 178)
   defining Unicode char U+00B3 (decimal 179)
   defining Unicode char U+00B4 (decimal 180)
   defining Unicode char U+00B5 (decimal 181)
   defining Unicode char U+00B6 (decimal 182)
   defining Unicode char U+00B7 (decimal 183)
   defining Unicode char U+00B9 (decimal 185)
   defining Unicode char U+00BA (decimal 186)
   defining Unicode char U+00BC (decimal 188)
   defining Unicode char U+00BD (decimal 189)
   defining Unicode char U+00BE (decimal 190)
   defining Unicode char U+00D7 (decimal 215)
   defining Unicode char U+00F7 (decimal 247)
   defining Unicode char U+0192 (decimal 402)
   defining Unicode char U+02C7 (decimal 711)
   defining Unicode char U+02D8 (decimal 728)
   defining Unicode char U+02DD (decimal 733)
   defining Unicode char U+0E3F (decimal 3647)
   defining Unicode char U+2016 (decimal 8214)
   defining Unicode char U+2020 (decimal 8224)
   defining Unicode char U+2021 (decimal 8225)
   defining Unicode char U+2022 (decimal 8226)
   defining Unicode char U+2030 (decimal 8240)
   defining Unicode char U+2031 (decimal 8241)
   defining Unicode char U+203B (decimal 8251)
   defining Unicode char U+203D (decimal 8253)
   defining Unicode char U+2044 (decimal 8260)
   defining Unicode char U+204E (decimal 8270)
   defining Unicode char U+2052 (decimal 8274)
   defining Unicode char U+20A1 (decimal 8353)
   defining Unicode char U+20A4 (decimal 8356)
   defining Unicode char U+20A6 (decimal 8358)
   defining Unicode char U+20A9 (decimal 8361)
   defining Unicode char U+20AB (decimal 8363)
   defining Unicode char U+20AC (decimal 8364)
   defining Unicode char U+20B1 (decimal 8369)
   defining Unicode char U+2103 (decimal 8451)
   defining Unicode char U+2116 (decimal 8470)
   defining Unicode char U+2117 (decimal 8471)
   defining Unicode char U+211E (decimal 8478)
   defining Unicode char U+2120 (decimal 8480)
   defining Unicode char U+2122 (decimal 8482)
   defining Unicode char U+2126 (decimal 8486)
   defining Unicode char U+2127 (decimal 8487)
   defining Unicode char U+212E (decimal 8494)
   defining Unicode char U+2190 (decimal 8592)
   defining Unicode char U+2191 (decimal 8593)
   defining Unicode char U+2192 (decimal 8594)
   defining Unicode char U+2193 (decimal 8595)
   defining Unicode char U+2329 (decimal 9001)
   defining Unicode char U+232A (decimal 9002)
   defining Unicode char U+2422 (decimal 9250)
   defining Unicode char U+25E6 (decimal 9702)
   defining Unicode char U+25EF (decimal 9711)
   defining Unicode char U+266A (decimal 9834)
)
Now handling font encoding T2A ...
... processing UTF-8 mapping file for font encoding T2A

(/usr/share/texlive/texmf-dist/tex/latex/base/t2aenc.dfu
File: t2aenc.dfu 2017/01/28 v1.1t UTF-8 support for inputenc
   defining Unicode char U+00A4 (decimal 164)
   defining Unicode char U+00A7 (decimal 167)
   defining Unicode char U+00AB (decimal 171)
   defining Unicode char U+00BB (decimal 187)
   defining Unicode char U+0131 (decimal 305)
   defining Unicode char U+0400 (decimal 1024)
   defining Unicode char U+0401 (decimal 1025)
   defining Unicode char U+0402 (decimal 1026)
   defining Unicode char U+0403 (decimal 1027)
   defining Unicode char U+0404 (decimal 1028)
   defining Unicode char U+0405 (decimal 1029)
   defining Unicode char U+0406 (decimal 1030)
   defining Unicode char U+0407 (decimal 1031)
   defining Unicode char U+0408 (decimal 1032)
   defining Unicode char U+0409 (decimal 1033)
   defining Unicode char U+040A (decimal 1034)
   defining Unicode char U+040B (decimal 1035)
   defining Unicode char U+040C (decimal 1036)
   defining Unicode char U+040D (decimal 1037)
   defining Unicode char U+040E (decimal 1038)
   defining Unicode char U+040F (decimal 1039)
   defining Unicode char U+0410 (decimal 1040)
   defining Unicode char U+0411 (decimal 1041)
   defining Unicode char U+0412 (decimal 1042)
   defining Unicode char U+0413 (decimal 1043)
   defining Unicode char U+0414 (decimal 1044)
   defining Unicode char U+0415 (decimal 1045)
   defining Unicode char U+0416 (decimal 1046)
   defining Unicode char U+0417 (decimal 1047)
   defining Unicode char U+0418 (decimal 1048)
   defining Unicode char U+0419 (decimal 1049)
   defining Unicode char U+041A (decimal 1050)
   defining Unicode char U+041B (decimal 1051)
   defining Unicode char U+041C (decimal 1052)
   defining Unicode char U+041D (decimal 1053)
   defining Unicode char U+041E (decimal 1054)
   defining Unicode char U+041F (decimal 1055)
   defining Unicode char U+0420 (decimal 1056)
   defining Unicode char U+0421 (decimal 1057)
   defining Unicode char U+0422 (decimal 1058)
   defining Unicode char U+0423 (decimal 1059)
   defining Unicode char U+0424 (decimal 1060)
   defining Unicode char U+0425 (decimal 1061)
   defining Unicode char U+0426 (decimal 1062)
   defining Unicode char U+0427 (decimal 1063)
   defining Unicode char U+0428 (decimal 1064)
   defining Unicode char U+0429 (decimal 1065)
   defining Unicode char U+042A (decimal 1066)
   defining Unicode char U+042B (decimal 1067)
   defining Unicode char U+042C (decimal 1068)
   defining Unicode char U+042D (decimal 1069)
   defining Unicode char U+042E (decimal 1070)
   defining Unicode char U+042F (decimal 1071)
   defining Unicode char U+0430 (decimal 1072)
   defining Unicode char U+0431 (decimal 1073)
   defining Unicode char U+0432 (decimal 1074)
   defining Unicode char U+0433 (decimal 1075)
   defining Unicode char U+0434 (decimal 1076)
   defining Unicode char U+0435 (decimal 1077)
   defining Unicode char U+0436 (decimal 1078)
   defining Unicode char U+0437 (decimal 1079)
   defining Unicode char U+0438 (decimal 1080)
   defining Unicode char U+0439 (decimal 1081)
   defining Unicode char U+043A (decimal 1082)
   defining Unicode char U+043B (decimal 1083)
   defining Unicode char U+043C (decimal 1084)
   defining Unicode char U+043D (decimal 1085)
   defining Unicode char U+043E (decimal 1086)
   defining Unicode char U+043F (decimal 1087)
   defining Unicode char U+0440 (decimal 1088)
   defining Unicode char U+0441 (decimal 1089)
   defining Unicode char U+0442 (decimal 1090)
   defining Unicode char U+0443 (decimal 1091)
   defining Unicode char U+0444 (decimal 1092)
   defining Unicode char U+0445 (decimal 1093)
   defining Unicode char U+0446 (decimal 1094)
   defining Unicode char U+0447 (decimal 1095)
   defining Unicode char U+0448 (decimal 1096)
   defining Unicode char U+0449 (decimal 1097)
   defining Unicode char U+044A (decimal 1098)
   defining Unicode char U+044B (decimal 1099)
   defining Unicode char U+044C (decimal 1100)
   defining Unicode char U+044D (decimal 1101)
   defining Unicode char U+044E (decimal 1102)
   defining Unicode char U+044F (decimal 1103)
   defining Unicode char U+0450 (decimal 1104)
   defining Unicode char U+0451 (decimal 1105)
   defining Unicode char U+0452 (decimal 1106)
   defining Unicode char U+0453 (decimal 1107)
   defining Unicode char U+0454 (decimal 1108)
   defining Unicode char U+0455 (decimal 1109)
   defining Unicode char U+0456 (decimal 1110)
   defining Unicode char U+0457 (decimal 1111)
   defining Unicode char U+0458 (decimal 1112)
   defining Unicode char U+0459 (decimal 1113)
   defining Unicode char U+045A (decimal 1114)
   defining Unicode char U+045B (decimal 1115)
   defining Unicode char U+045C (decimal 1116)
   defining Unicode char U+045D (decimal 1117)
   defining Unicode char U+045E (decimal 1118)
   defining Unicode char U+045F (decimal 1119)
   defining Unicode char U+0490 (decimal 1168)
   defining Unicode char U+0491 (decimal 1169)
   defining Unicode char U+0492 (decimal 1170)
   defining Unicode char U+0493 (decimal 1171)
   defining Unicode char U+0496 (decimal 1174)
   defining Unicode char U+0497 (decimal 1175)
   defining Unicode char U+0498 (decimal 1176)
   defining Unicode char U+0499 (decimal 1177)
   defining Unicode char U+049A (decimal 1178)
   defining Unicode char U+049B (decimal 1179)
   defining Unicode char U+049C (decimal 1180)
   defining Unicode char U+049D (decimal 1181)
   defining Unicode char U+04A0 (decimal 1184)
   defining Unicode char U+04A1 (decimal 1185)
   defining Unicode char U+04A2 (decimal 1186)
   defining Unicode char U+04A3 (decimal 1187)
   defining Unicode char U+04A4 (decimal 1188)
   defining Unicode char U+04A5 (decimal 1189)
   defining Unicode char U+04AA (decimal 1194)
   defining Unicode char U+04AB (decimal 1195)
   defining Unicode char U+04AE (decimal 1198)
   defining Unicode char U+04AF (decimal 1199)
   defining Unicode char U+04B0 (decimal 1200)
   defining Unicode char U+04B1 (decimal 1201)
   defining Unicode char U+04B2 (decimal 1202)
   defining Unicode char U+04B3 (decimal 1203)
   defining Unicode char U+04B6 (decimal 1206)
   defining Unicode char U+04B7 (decimal 1207)
   defining Unicode char U+04B8 (decimal 1208)
   defining Unicode char U+04B9 (decimal 1209)
   defining Unicode char U+04BA (decimal 1210)
   defining Unicode char U+04BB (decimal 1211)
   defining Unicode char U+04C0 (decimal 1216)
   defining Unicode char U+04C1 (decimal 1217)
   defining Unicode char U+04C2 (decimal 1218)
   defining Unicode char U+04D0 (decimal 1232)
   defining Unicode char U+04D1 (decimal 1233)
   defining Unicode char U+04D2 (decimal 1234)
   defining Unicode char U+04D3 (decimal 1235)
   defining Unicode char U+04D4 (decimal 1236)
   defining Unicode char U+04D5 (decimal 1237)
   defining Unicode char U+04D6 (decimal 1238)
   defining Unicode char U+04D7 (decimal 1239)
   defining Unicode char U+04D8 (decimal 1240)
   defining Unicode char U+04D9 (decimal 1241)
   defining Unicode char U+04DA (decimal 1242)
   defining Unicode char U+04DB (decimal 1243)
   defining Unicode char U+04DC (decimal 1244)
   defining Unicode char U+04DD (decimal 1245)
   defining Unicode char U+04DE (decimal 1246)
   defining Unicode char U+04DF (decimal 1247)
   defining Unicode char U+04E2 (decimal 1250)
   defining Unicode char U+04E3 (decimal 1251)
   defining Unicode char U+04E4 (decimal 1252)
   defining Unicode char U+04E5 (decimal 1253)
   defining Unicode char U+04E6 (decimal 1254)
   defining Unicode char U+04E7 (decimal 1255)
   defining Unicode char U+04E8 (decimal 1256)
   defining Unicode char U+04E9 (decimal 1257)
   defining Unicode char U+04EC (decimal 1260)
   defining Unicode char U+04ED (decimal 1261)
   defining Unicode char U+04EE (decimal 1262)
   defining Unicode char U+04EF (decimal 1263)
   defining Unicode char U+04F0 (decimal 1264)
   defining Unicode char U+04F1 (decimal 1265)
   defining Unicode char U+04F2 (decimal 1266)
   defining Unicode char U+04F3 (decimal 1267)
   defining Unicode char U+04F4 (decimal 1268)
   defining Unicode char U+04F5 (decimal 1269)
   defining Unicode char U+04F8 (decimal 1272)
   defining Unicode char U+04F9 (decimal 1273)
   defining Unicode char U+200C (decimal 8204)
   defining Unicode char U+2013 (decimal 8211)
   defining Unicode char U+2014 (decimal 8212)
   defining Unicode char U+2018 (decimal 8216)
   defining Unicode char U+2019 (decimal 8217)
   defining Unicode char U+201C (decimal 8220)
   defining Unicode char U+201D (decimal 8221)
   defining Unicode char U+201E (decimal 8222)
   defining Unicode char U+2030 (decimal 8240)
   defining Unicode char U+2031 (decimal 8241)
   defining Unicode char U+2116 (decimal 8470)
   defining Unicode char U+2329 (decimal 9001)
   defining Unicode char U+232A (decimal 9002)
   defining Unicode char U+2423 (decimal 9251)
)
   defining Unicode char U+00A9 (decimal 169)
   defining Unicode char U+00AA (decimal 170)
   defining Unicode char U+00AE (decimal 174)
   defining Unicode char U+00BA (decimal 186)
   defining Unicode char U+02C6 (decimal 710)
   defining Unicode char U+02DC (decimal 732)
   defining Unicode char U+200C (decimal 8204)
   defining Unicode char U+2026 (decimal 8230)
   defining Unicode char U+2122 (decimal 8482)
   defining Unicode char U+2423 (decimal 9251)
))
(/usr/share/texlive/texmf-dist/tex/generic/babel/babel.sty
Package: babel 2018/02/14 3.18 The Babel package

(/usr/share/texlive/texmf-dist/tex/generic/babel/switch.def
File: switch.def 2018/02/14 3.18 Babel switching mechanism
)
(/usr/share/texlive/texmf-dist/tex/generic/babel-english/english.ldf
Language: english 2017/06/06 v3.3r English support from the babel system

(/usr/share/texlive/texmf-dist/tex/generic/babel/babel.def
File: babel.def 2018/02/14 3.18 Babel common definitions
\babel@savecnt=\count100
\U@D=\dimen112

(/usr/share/texlive/texmf-dist/tex/generic/babel/txtbabel.def)
\bbl@dirlevel=\count101
)
\l@canadian = a dialect from \language\l@american 
\l@australian = a dialect from \language\l@british 
\l@newzealand = a dialect from \language\l@british 
)
(/usr/share/texlive/texmf-dist/tex/generic/babel-russian/russianb.ldf
Language: russian 2017/08/12 1.3j Russian support for the Babel system
Package babel Info: Making " an active character on input line 120.
Package babel Info: Default for \cyrdash is provided on input line 157.
))
(/usr/share/texlive/texmf-dist/tex/latex/geometry/geometry.sty
Package: geometry 2010/09/12 v5.6 Page Geometry

(/usr/share/texlive/texmf-dist/tex/latex/graphics/keyval.sty
Package: keyval 2014/10/28 v1.15 key=value parser (DPC)
\KV@toks@=\toks27
)
(/usr/share/texlive/texmf-dist/tex/generic/oberdiek/ifpdf.sty
Package: ifpdf 2017/03/15 v3.2 Provides the ifpdf switch
)
(/usr/share/texlive/texmf-dist/tex/generic/oberdiek/ifvtex.sty
Package: ifvtex 2016/05/16 v1.6 Detect VTeX and its facilities (HO)
Package ifvtex Info: VTeX not detected.
)
(/usr/share/texlive/texmf-dist/tex/generic/ifxetex/ifxetex.sty
Package: ifxetex 2010/09/12 v0.6 Provides ifxetex conditional
)
\Gm@cnth=\count102
\Gm@cntv=\count103
\c@Gm@tempcnt=\count104
\Gm@bindingoffset=\dimen113
\Gm@wd@mp=\dimen114
\Gm@odd@mp=\dimen115
\Gm@even@mp=\dimen116
\Gm@layoutwidth=\dimen117
\Gm@layoutheight=\dimen118
\Gm@layouthoffset=\dimen119
\Gm@layoutvoffset=\dimen120
\Gm@dimlist=\toks28
)
(/usr/share/texlive/texmf-dist/tex/latex/setspace/setspace.sty
Package: setspace 2011/12/19 v6.7a set line spacing
)
(/usr/share/texlive/texmf-dist/tex/latex/tools/indentfirst.sty
Package: indentfirst 1995/11/23 v1.03 Indent first paragraph (DPC)
)
(/usr/share/texlive/texmf-dist/tex/latex/fancyhdr/fancyhdr.sty
Package: fancyhdr 2017/06/30 v3.9a Extensive control of page headers and footer
s
\f@nch@headwidth=\skip49
\f@nch@O@elh=\skip50
\f@nch@O@erh=\skip51
\f@nch@O@olh=\skip52
\f@nch@O@orh=\skip53
\f@nch@O@elf=\skip54
\f@nch@O@erf=\skip55
\f@nch@O@olf=\skip56
\f@nch@O@orf=\skip57
)
(/usr/share/texlive/texmf-dist/tex/latex/tocloft/tocloft.sty
Package: tocloft 2017/08/31 v2.3i parameterised ToC, etc., typesetting
Package tocloft Info: The document has chapter divisions on input line 51.
\cftparskip=\skip58
\cftbeforetoctitleskip=\skip59
\cftaftertoctitleskip=\skip60
\cftbeforepartskip=\skip61
\cftpartnumwidth=\skip62
\cftpartindent=\skip63
\cftbeforechapskip=\skip64
\cftchapindent=\skip65
\cftchapnumwidth=\skip66
\cftbeforesecskip=\skip67
\cftsecindent=\skip68
\cftsecnumwidth=\skip69
\cftbeforesubsecskip=\skip70
\cftsubsecindent=\skip71
\cftsubsecnumwidth=\skip72
\cftbeforesubsubsecskip=\skip73
\cftsubsubsecindent=\skip74
\cftsubsubsecnumwidth=\skip75
\cftbeforeparaskip=\skip76
\cftparaindent=\skip77
\cftparanumwidth=\skip78
\cftbeforesubparaskip=\skip79
\cftsubparaindent=\skip80
\cftsubparanumwidth=\skip81
\cftbeforeloftitleskip=\skip82
\cftafterloftitleskip=\skip83
\cftbeforefigskip=\skip84
\cftfigindent=\skip85
\cftfignumwidth=\skip86
\c@lofdepth=\count105
\c@lotdepth=\count106
\cftbeforelottitleskip=\skip87
\cftafterlottitleskip=\skip88
\cftbeforetabskip=\skip89
\cfttabindent=\skip90
\cfttabnumwidth=\skip91
)
(./mipt-thesis.sty
Package: mipt-thesis 2014/06/18 Supplementary packages of BS thesis class
 (/usr/share/texlive/texmf-dist/tex/latex/tools/tabularx.sty
Package: tabularx 2016/02/03 v2.11 `tabularx' package (DPC)

(/usr/share/texlive/texmf-dist/tex/latex/tools/array.sty
Package: array 2016/10/06 v2.4d Tabular extension package (FMi)
\col@sep=\dimen121
\extrarowheight=\dimen122
\NC@list=\toks29
\extratabsurround=\skip92
\backup@length=\skip93
)
\TX@col@width=\dimen123
\TX@old@table=\dimen124
\TX@old@col=\dimen125
\TX@target=\dimen126
\TX@delta=\dimen127
\TX@cols=\count107
\TX@ftn=\toks30
)
(/usr/share/texlive/texmf-dist/tex/latex/multirow/multirow.sty
Package: multirow 2016/11/25 v2.2 Span multiple rows of a table
\multirow@colwidth=\skip94
\multirow@cntb=\count108
\multirow@dima=\skip95
\bigstrutjot=\dimen128
)
(/usr/share/texlive/texmf-dist/tex/latex/siunitx/siunitx.sty
(/usr/share/texlive/texmf-dist/tex/latex/l3kernel/expl3.sty
Package: expl3 2018/02/21 L3 programming layer (loader) 

(/usr/share/texlive/texmf-dist/tex/latex/l3kernel/expl3-code.tex
Package: expl3 2018/02/21 L3 programming layer (code)
\c_max_int=\count109
\l_tmpa_int=\count110
\l_tmpb_int=\count111
\g_tmpa_int=\count112
\g_tmpb_int=\count113
\g__intarray_font_int=\count114
\g__prg_map_int=\count115
\c_log_iow=\count116
\l_iow_line_count_int=\count117
\l__iow_line_target_int=\count118
\l__iow_one_indent_int=\count119
\l__iow_indent_int=\count120
\c_zero_dim=\dimen129
\c_max_dim=\dimen130
\l_tmpa_dim=\dimen131
\l_tmpb_dim=\dimen132
\g_tmpa_dim=\dimen133
\g_tmpb_dim=\dimen134
\c_zero_skip=\skip96
\c_max_skip=\skip97
\l_tmpa_skip=\skip98
\l_tmpb_skip=\skip99
\g_tmpa_skip=\skip100
\g_tmpb_skip=\skip101
\c_zero_muskip=\muskip11
\c_max_muskip=\muskip12
\l_tmpa_muskip=\muskip13
\l_tmpb_muskip=\muskip14
\g_tmpa_muskip=\muskip15
\g_tmpb_muskip=\muskip16
\l_keys_choice_int=\count121
\c__fp_leading_shift_int=\count122
\c__fp_middle_shift_int=\count123
\c__fp_trailing_shift_int=\count124
\c__fp_big_leading_shift_int=\count125
\c__fp_big_middle_shift_int=\count126
\c__fp_big_trailing_shift_int=\count127
\c__fp_Bigg_leading_shift_int=\count128
\c__fp_Bigg_middle_shift_int=\count129
\c__fp_Bigg_trailing_shift_int=\count130
\c__fp_rand_size_int=\count131
\c__fp_rand_four_int=\count132
\c__fp_rand_eight_int=\count133
\l__sort_length_int=\count134
\l__sort_min_int=\count135
\l__sort_top_int=\count136
\l__sort_max_int=\count137
\l__sort_true_max_int=\count138
\l__sort_block_int=\count139
\l__sort_begin_int=\count140
\l__sort_end_int=\count141
\l__sort_A_int=\count142
\l__sort_B_int=\count143
\l__sort_C_int=\count144
\l__tl_build_start_index_int=\count145
\l__tl_build_index_int=\count146
\l__tl_analysis_normal_int=\count147
\l__tl_analysis_index_int=\count148
\l__tl_analysis_nesting_int=\count149
\l__tl_analysis_type_int=\count150
\l__regex_internal_a_int=\count151
\l__regex_internal_b_int=\count152
\l__regex_internal_c_int=\count153
\l__regex_balance_int=\count154
\l__regex_group_level_int=\count155
\l__regex_mode_int=\count156
\c__regex_cs_in_class_mode_int=\count157
\c__regex_cs_mode_int=\count158
\l__regex_catcodes_int=\count159
\l__regex_default_catcodes_int=\count160
\c__regex_catcode_D_int=\count161
\c__regex_catcode_S_int=\count162
\c__regex_catcode_L_int=\count163
\c__regex_catcode_O_int=\count164
\c__regex_catcode_A_int=\count165
\c__regex_all_catcodes_int=\count166
\l__regex_show_lines_int=\count167
\l__regex_min_state_int=\count168
\l__regex_max_state_int=\count169
\l__regex_left_state_int=\count170
\l__regex_right_state_int=\count171
\l__regex_capturing_group_int=\count172
\l__regex_min_pos_int=\count173
\l__regex_max_pos_int=\count174
\l__regex_curr_pos_int=\count175
\l__regex_start_pos_int=\count176
\l__regex_success_pos_int=\count177
\l__regex_curr_char_int=\count178
\l__regex_curr_catcode_int=\count179
\l__regex_last_char_int=\count180
\l__regex_case_changed_char_int=\count181
\l__regex_curr_state_int=\count182
\l__regex_step_int=\count183
\l__regex_min_active_int=\count184
\l__regex_max_active_int=\count185
\l__regex_replacement_csnames_int=\count186
\l__regex_match_count_int=\count187
\l__regex_min_submatch_int=\count188
\l__regex_submatch_int=\count189
\l__regex_zeroth_submatch_int=\count190
\g__regex_trace_regex_int=\count191
\c_empty_box=\box28
\l_tmpa_box=\box29
\l_tmpb_box=\box30
\g_tmpa_box=\box31
\g_tmpb_box=\box32
\l__box_top_dim=\dimen135
\l__box_bottom_dim=\dimen136
\l__box_left_dim=\dimen137
\l__box_right_dim=\dimen138
\l__box_top_new_dim=\dimen139
\l__box_bottom_new_dim=\dimen140
\l__box_left_new_dim=\dimen141
\l__box_right_new_dim=\dimen142
\l__box_internal_box=\box33
\l__coffin_internal_box=\box34
\l__coffin_internal_dim=\dimen143
\l__coffin_offset_x_dim=\dimen144
\l__coffin_offset_y_dim=\dimen145
\l__coffin_x_dim=\dimen146
\l__coffin_y_dim=\dimen147
\l__coffin_x_prime_dim=\dimen148
\l__coffin_y_prime_dim=\dimen149
\c_empty_coffin=\box35
\l__coffin_aligned_coffin=\box36
\l__coffin_aligned_internal_coffin=\box37
\l_tmpa_coffin=\box38
\l_tmpb_coffin=\box39
\l__coffin_display_coffin=\box40
\l__coffin_display_coord_coffin=\box41
\l__coffin_display_pole_coffin=\box42
\l__coffin_display_offset_dim=\dimen150
\l__coffin_display_x_dim=\dimen151
\l__coffin_display_y_dim=\dimen152
\l__coffin_bounding_shift_dim=\dimen153
\l__coffin_left_corner_dim=\dimen154
\l__coffin_right_corner_dim=\dimen155
\l__coffin_bottom_corner_dim=\dimen156
\l__coffin_top_corner_dim=\dimen157
\l__coffin_scaled_total_height_dim=\dimen158
\l__coffin_scaled_width_dim=\dimen159
)
(/usr/share/texlive/texmf-dist/tex/latex/l3kernel/l3pdfmode.def
File: l3pdfmode.def 2017/03/18 v L3 Experimental driver: PDF mode
\l__driver_color_stack_int=\count192
\l__driver_tmp_box=\box43
))
(/usr/share/texlive/texmf-dist/tex/latex/l3packages/xparse/xparse.sty
Package: xparse 2018/02/21 L3 Experimental document command parser
\l__xparse_current_arg_int=\count193
\g__xparse_grabber_int=\count194
\l__xparse_m_args_int=\count195
\l__xparse_mandatory_args_int=\count196
\l__xparse_v_nesting_int=\count197
)
Package: siunitx 2017/11/26 v2.7k A comprehensive (SI) units package

(/usr/share/texlive/texmf-dist/tex/latex/l3packages/l3keys2e/l3keys2e.sty
Package: l3keys2e 2018/02/21 LaTeX2e option processing using LaTeX3 keys
)
\l__siunitx_tmp_box=\box44
\l__siunitx_tmp_dim=\dimen160
\l__siunitx_tmp_int=\count198
\l__siunitx_number_mantissa_length_int=\count199
\l__siunitx_number_uncert_length_int=\count266
\l__siunitx_round_int=\count267
\l__siunitx_process_decimal_int=\count268
\l__siunitx_process_uncertainty_int=\count269
\l__siunitx_process_fixed_int=\count270
\l__siunitx_process_integer_min_int=\count271
\l__siunitx_process_precision_int=\count272
\l__siunitx_group_min_int=\count273
\l__siunitx_angle_marker_box=\box45
\l__siunitx_angle_unit_box=\box46
\l__siunitx_angle_marker_dim=\dimen161
\l__siunitx_angle_unit_dim=\dimen162
\l__siunitx_unit_int=\count274
\l__siunitx_unit_denominator_int=\count275
\l__siunitx_unit_numerator_int=\count276
\l__siunitx_unit_prefix_int=\count277
\l__siunitx_unit_prefix_base_int=\count278
\l__siunitx_unit_prefix_gram_int=\count279
\l__siunitx_number_product_int=\count280
\c__siunitx_one_fill_skip=\skip102
\l__siunitx_table_unit_align_skip=\skip103
\l__siunitx_table_exponent_dim=\dimen163
\l__siunitx_table_integer_dim=\dimen164
\l__siunitx_table_mantissa_dim=\dimen165
\l__siunitx_table_marker_dim=\dimen166
\l__siunitx_table_result_dim=\dimen167
\l__siunitx_table_uncert_dim=\dimen168
\l__siunitx_table_fill_pre_dim=\dimen169
\l__siunitx_table_fill_post_dim=\dimen170
\l__siunitx_table_fill_mid_dim=\dimen171
\l__siunitx_table_pre_box=\box47
\l__siunitx_table_post_box=\box48
\l__siunitx_table_mantissa_box=\box49
\l__siunitx_table_result_box=\box50
\l__siunitx_table_number_align_skip=\skip104
\l__siunitx_table_text_align_skip=\skip105
.................................................
. LaTeX info: "xparse/define-command"
. 
. Defining command \DeclareBinaryPrefix with sig. 'mmm' on line 7250.
.................................................
.................................................
. LaTeX info: "xparse/define-command"
. 
. Defining command \DeclareSIPostPower with sig. 'mm' on line 7253.
.................................................
.................................................
. LaTeX info: "xparse/define-command"
. 
. Defining command \DeclareSIPrefix with sig. 'mmm' on line 7256.
.................................................
.................................................
. LaTeX info: "xparse/define-command"
. 
. Defining command \DeclareSIPrePower with sig. 'mm' on line 7259.
.................................................
.................................................
. LaTeX info: "xparse/define-command"
. 
. Defining command \DeclareSIQualifier with sig. 'mm' on line 7262.
.................................................
.................................................
. LaTeX info: "xparse/define-command"
. 
. Defining command \DeclareSIUnit with sig. 'O{}mm' on line 7265.
.................................................
.................................................
. LaTeX info: "xparse/define-command"
. 
. Defining command \DeclareSIUnitWithOptions with sig. 'mmm' on line 7268.
.................................................
.................................................
. LaTeX info: "xparse/define-command"
. 
. Defining command \ang with sig. 'o>{\SplitArgument {2}{;}}m' on line 7283.
.................................................
.................................................
. LaTeX info: "xparse/define-command"
. 
. Defining command \num with sig. 'om' on line 7292.
.................................................
.................................................
. LaTeX info: "xparse/define-command"
. 
. Defining command \numlist with sig. 'o>{\SplitList {;}}m' on line 7301.
.................................................
.................................................
. LaTeX info: "xparse/define-command"
. 
. Defining command \numrange with sig. 'omm' on line 7310.
.................................................
.................................................
. LaTeX info: "xparse/define-command"
. 
. Defining command \SIlist with sig. 'o>{\SplitList {;}}mm' on line 7322.
.................................................
.................................................
. LaTeX info: "xparse/define-command"
. 
. Defining command \SIrange with sig. 'ommm' on line 7334.
.................................................
.................................................
. LaTeX info: "xparse/define-command"
. 
. Defining command \SI with sig. 'omom' on line 7346.
.................................................
.................................................
. LaTeX info: "xparse/define-command"
. 
. Defining command \sisetup with sig. 'm' on line 7349.
.................................................
.................................................
. LaTeX info: "xparse/define-command"
. 
. Defining command \tablenum with sig. 'om' on line 7364.
.................................................
.................................................
. LaTeX info: "xparse/define-command"
. 
. Defining command \si with sig. 'om' on line 7376.
.................................................
.................................................
. LaTeX info: "xparse/define-command"
. 
. Defining command \numInBookmark with sig. 'om' on line 7423.
.................................................
.................................................
. LaTeX info: "xparse/define-command"
. 
. Defining command \numrangeInBookmark with sig. 'omm' on line 7425.
.................................................
.................................................
. LaTeX info: "xparse/define-command"
. 
. Defining command \SIInBookmark with sig. 'omom' on line 7427.
.................................................
.................................................
. LaTeX info: "xparse/define-command"
. 
. Defining command \SIlistInBookmark with sig. 'omm' on line 7429.
.................................................
.................................................
. LaTeX info: "xparse/define-command"
. 
. Defining command \SIrangeInBookmark with sig. 'ommm' on line 7431.
.................................................
.................................................
. LaTeX info: "xparse/define-command"
. 
. Defining command \siInBookmark with sig. 'om' on line 7432.
.................................................
\g__file_internal_ior=\read1

(/usr/share/texlive/texmf-dist/tex/latex/translator/translator.sty
Package: translator 2018/01/04 v1.12 Easy translation of strings in LaTeX
))
(/usr/share/texlive/texmf-dist/tex/latex/esint/esint.sty
Package: esint 
\symlargesymbolsA=\mathgroup11
)
(/usr/share/texlive/texmf-dist/tex/latex/graphics/graphicx.sty
Package: graphicx 2017/06/01 v1.1a Enhanced LaTeX Graphics (DPC,SPQR)

(/usr/share/texlive/texmf-dist/tex/latex/graphics/graphics.sty
Package: graphics 2017/06/25 v1.2c Standard LaTeX Graphics (DPC,SPQR)

(/usr/share/texlive/texmf-dist/tex/latex/graphics/trig.sty
Package: trig 2016/01/03 v1.10 sin cos tan (DPC)
)
(/usr/share/texlive/texmf-dist/tex/latex/graphics-cfg/graphics.cfg
File: graphics.cfg 2016/06/04 v1.11 sample graphics configuration
)
Package graphics Info: Driver file: pdftex.def on input line 99.

(/usr/share/texlive/texmf-dist/tex/latex/graphics-def/pdftex.def
File: pdftex.def 2018/01/08 v1.0l Graphics/color driver for pdftex
))
\Gin@req@height=\dimen172
\Gin@req@width=\dimen173
)
(/usr/share/texlive/texmf-dist/tex/latex/caption/subcaption.sty
Package: subcaption 2016/05/22 v1.1-161 Sub-captions (AR)

(/usr/share/texlive/texmf-dist/tex/latex/caption/caption.sty
Package: caption 2016/02/21 v3.3-144 Customizing captions (AR)

(/usr/share/texlive/texmf-dist/tex/latex/caption/caption3.sty
Package: caption3 2016/05/22 v1.7-166 caption3 kernel (AR)
Package caption3 Info: TeX engine: e-TeX on input line 67.
\captionmargin=\dimen174
\captionmargin@=\dimen175
\captionwidth=\dimen176
\caption@tempdima=\dimen177
\caption@indent=\dimen178
\caption@parindent=\dimen179
\caption@hangindent=\dimen180
)
\c@ContinuedFloat=\count281
)
\c@subfigure=\count282
\c@subtable=\count283
)
(/usr/share/texlive/texmf-dist/tex/latex/chngcntr/chngcntr.sty
Package: chngcntr 2009/09/02 v1.0a change counter resetting
))
(/usr/share/texlive/texmf-dist/tex/latex/titlesec/titlesec.sty
Package: titlesec 2016/03/21 v2.10.2 Sectioning titles
\ttl@box=\box51
\beforetitleunit=\skip106
\aftertitleunit=\skip107
\ttl@plus=\dimen181
\ttl@minus=\dimen182
\ttl@toksa=\toks31
\titlewidth=\dimen183
\titlewidthlast=\dimen184
\titlewidthfirst=\dimen185
))
(./mipt-thesis-biblatex.sty
Package: mipt-thesis-biblatex 2014/06/19 Some settings for Biblatex

(/usr/share/texlive/texmf-dist/tex/latex/biblatex/biblatex.sty
Package: biblatex 2017/12/19 v3.10 programmable bibliographies (PK/JW/AB)

(/usr/share/texlive/texmf-dist/tex/generic/oberdiek/pdftexcmds.sty
Package: pdftexcmds 2018/01/21 v0.26 Utility functions of pdfTeX for LuaTeX (HO
)

(/usr/share/texlive/texmf-dist/tex/generic/oberdiek/infwarerr.sty
Package: infwarerr 2016/05/16 v1.4 Providing info/warning/error messages (HO)
)
(/usr/share/texlive/texmf-dist/tex/generic/oberdiek/ifluatex.sty
Package: ifluatex 2016/05/16 v1.4 Provides the ifluatex switch (HO)
Package ifluatex Info: LuaTeX not detected.
)
(/usr/share/texlive/texmf-dist/tex/generic/oberdiek/ltxcmds.sty
Package: ltxcmds 2016/05/16 v1.23 LaTeX kernel commands for general use (HO)
)
Package pdftexcmds Info: LuaTeX not detected.
Package pdftexcmds Info: \pdf@primitive is available.
Package pdftexcmds Info: \pdf@ifprimitive is available.
Package pdftexcmds Info: \pdfdraftmode found.
)
(/usr/share/texlive/texmf-dist/tex/latex/etoolbox/etoolbox.sty
Package: etoolbox 2018/02/11 v2.5e e-TeX tools for LaTeX (JAW)
\etb@tempcnta=\count284
)
(/usr/share/texlive/texmf-dist/tex/latex/oberdiek/kvoptions.sty
Package: kvoptions 2016/05/16 v3.12 Key value format for package options (HO)

(/usr/share/texlive/texmf-dist/tex/generic/oberdiek/kvsetkeys.sty
Package: kvsetkeys 2016/05/16 v1.17 Key value parser (HO)

(/usr/share/texlive/texmf-dist/tex/generic/oberdiek/etexcmds.sty
Package: etexcmds 2016/05/16 v1.6 Avoid name clashes with e-TeX commands (HO)
Package etexcmds Info: Could not find \expanded.
(etexcmds)             That can mean that you are not using pdfTeX 1.50 or
(etexcmds)             that some package has redefined \expanded.
(etexcmds)             In the latter case, load this package earlier.
)))
(/usr/share/texlive/texmf-dist/tex/latex/logreq/logreq.sty
Package: logreq 2010/08/04 v1.0 xml request logger
\lrq@indent=\count285

(/usr/share/texlive/texmf-dist/tex/latex/logreq/logreq.def
File: logreq.def 2010/08/04 v1.0 logreq spec v1.0
))
(/usr/share/texlive/texmf-dist/tex/latex/base/ifthen.sty
Package: ifthen 2014/09/29 v1.1c Standard LaTeX ifthen package (DPC)
)
(/usr/share/texlive/texmf-dist/tex/latex/url/url.sty
\Urlmuskip=\muskip17
Package: url 2013/09/16  ver 3.4  Verb mode for urls, etc.
)
(/usr/share/texlive/texmf-dist/tex/generic/xstring/xstring.sty
(/usr/share/texlive/texmf-dist/tex/generic/xstring/xstring.tex
\@xs@message=\write3
\integerpart=\count286
\decimalpart=\count287
)
Package: xstring 2013/10/13  v1.7c  String manipulations (C Tellechea)
)
\c@tabx@nest=\count288
\c@listtotal=\count289
\c@listcount=\count290
\c@liststart=\count291
\c@liststop=\count292
\c@citecount=\count293
\c@citetotal=\count294
\c@multicitecount=\count295
\c@multicitetotal=\count296
\c@instcount=\count297
\c@maxnames=\count298
\c@minnames=\count299
\c@maxitems=\count300
\c@minitems=\count301
\c@citecounter=\count302
\c@savedcitecounter=\count303
\c@uniquelist=\count304
\c@uniquename=\count305
\c@refsection=\count306
\c@refsegment=\count307
\c@maxextratitle=\count308
\c@maxextratitleyear=\count309
\c@maxextradate=\count310
\c@maxextraalpha=\count311
\c@abbrvpenalty=\count312
\c@highnamepenalty=\count313
\c@lownamepenalty=\count314
\c@maxparens=\count315
\c@parenlevel=\count316
\blx@tempcnta=\count317
\blx@tempcntb=\count318
\blx@tempcntc=\count319
\blx@maxsection=\count320
\blx@maxsegment@0=\count321
\blx@notetype=\count322
\blx@parenlevel@text=\count323
\blx@parenlevel@foot=\count324
\blx@sectionciteorder@0=\count325
\labelnumberwidth=\skip108
\labelalphawidth=\skip109
\biblabelsep=\skip110
\bibitemsep=\skip111
\bibnamesep=\skip112
\bibinitsep=\skip113
\bibparsep=\skip114
\bibhang=\skip115
\blx@bcfin=\read2
\blx@bcfout=\write4
\c@mincomprange=\count326
\c@maxcomprange=\count327
\c@mincompwidth=\count328
Package biblatex Info: Trying to load biblatex default data model...
Package biblatex Info: ... file 'blx-dm.def' found.

(/usr/share/texlive/texmf-dist/tex/latex/biblatex/blx-dm.def)
Package biblatex Info: Trying to load biblatex style data model...
Package biblatex Info: ... file 'verbose.dbx' not found.
Package biblatex Info: Trying to load biblatex custom data model...
Package biblatex Info: ... file 'biblatex-dm.cfg' not found.
\c@afterword=\count329
\c@savedafterword=\count330
\c@annotator=\count331
\c@savedannotator=\count332
\c@author=\count333
\c@savedauthor=\count334
\c@bookauthor=\count335
\c@savedbookauthor=\count336
\c@commentator=\count337
\c@savedcommentator=\count338
\c@editor=\count339
\c@savededitor=\count340
\c@editora=\count341
\c@savededitora=\count342
\c@editorb=\count343
\c@savededitorb=\count344
\c@editorc=\count345
\c@savededitorc=\count346
\c@foreword=\count347
\c@savedforeword=\count348
\c@holder=\count349
\c@savedholder=\count350
\c@introduction=\count351
\c@savedintroduction=\count352
\c@namea=\count353
\c@savednamea=\count354
\c@nameb=\count355
\c@savednameb=\count356
\c@namec=\count357
\c@savednamec=\count358
\c@translator=\count359
\c@savedtranslator=\count360
\c@shortauthor=\count361
\c@savedshortauthor=\count362
\c@shorteditor=\count363
\c@savedshorteditor=\count364
\c@labelname=\count365
\c@savedlabelname=\count366
\c@institution=\count367
\c@savedinstitution=\count368
\c@lista=\count369
\c@savedlista=\count370
\c@listb=\count371
\c@savedlistb=\count372
\c@listc=\count373
\c@savedlistc=\count374
\c@listd=\count375
\c@savedlistd=\count376
\c@liste=\count377
\c@savedliste=\count378
\c@listf=\count379
\c@savedlistf=\count380
\c@location=\count381
\c@savedlocation=\count382
\c@organization=\count383
\c@savedorganization=\count384
\c@origlocation=\count385
\c@savedoriglocation=\count386
\c@origpublisher=\count387
\c@savedorigpublisher=\count388
\c@publisher=\count389
\c@savedpublisher=\count390
\c@language=\count391
\c@savedlanguage=\count392
\c@origlanguage=\count393
\c@savedoriglanguage=\count394
\c@pageref=\count395
\c@savedpageref=\count396
\shorthandwidth=\skip116
\shortjournalwidth=\skip117
\shortserieswidth=\skip118
\shorttitlewidth=\skip119
\shortauthorwidth=\skip120
\shorteditorwidth=\skip121
Package biblatex Info: Trying to load compatibility code...
Package biblatex Info: ... file 'blx-compat.def' found.

(/usr/share/texlive/texmf-dist/tex/latex/biblatex/blx-compat.def
File: blx-compat.def 2017/12/19 v3.10 biblatex compatibility (PK/JW/AB)
)
Package biblatex Info: Trying to load generic definitions...
Package biblatex Info: ... file 'biblatex.def' found.

(/usr/share/texlive/texmf-dist/tex/latex/biblatex/biblatex.def
File: biblatex.def 2017/12/19 v3.10 biblatex compatibility (PK/JW/AB)
\c@textcitecount=\count397
\c@textcitetotal=\count398
\c@textcitemaxnames=\count399
\c@biburlnumpenalty=\count400
\c@biburlucpenalty=\count401
\c@biburllcpenalty=\count402
\c@smartand=\count403
)
Package biblatex Info: Trying to load bibliography style 'verbose'...
Package biblatex Info: ... file 'verbose.bbx' found.

(/usr/share/texlive/texmf-dist/tex/latex/biblatex/bbx/verbose.bbx
File: verbose.bbx 2017/12/19 v3.10 biblatex bibliography style (PK/JW/AB)
Package biblatex Info: Trying to load bibliography style 'authortitle'...
Package biblatex Info: ... file 'authortitle.bbx' found.

(/usr/share/texlive/texmf-dist/tex/latex/biblatex/bbx/authortitle.bbx
File: authortitle.bbx 2017/12/19 v3.10 biblatex bibliography style (PK/JW/AB)
Package biblatex Info: Trying to load bibliography style 'standard'...
Package biblatex Info: ... file 'standard.bbx' found.

(/usr/share/texlive/texmf-dist/tex/latex/biblatex/bbx/standard.bbx
File: standard.bbx 2017/12/19 v3.10 biblatex bibliography style (PK/JW/AB)
\c@bbx:relatedcount=\count404
\c@bbx:relatedtotal=\count405
)))
Package biblatex Info: Trying to load citation style 'verbose'...
Package biblatex Info: ... file 'verbose.cbx' found.

(/usr/share/texlive/texmf-dist/tex/latex/biblatex/cbx/verbose.cbx
File: verbose.cbx 2017/12/19 v3.10 biblatex citation style (PK/JW/AB)
Package biblatex Info: Redefining '\cite'.
Package biblatex Info: Redefining '\parencite'.
Package biblatex Info: Redefining '\footcite'.
Package biblatex Info: Redefining '\footcitetext'.
Package biblatex Info: Redefining '\smartcite'.
Package biblatex Info: Redefining '\textcite'.
Package biblatex Info: Redefining '\textcites'.
)
Package biblatex Info: Trying to load configuration file...
Package biblatex Info: ... file 'biblatex.cfg' found.

(/usr/share/texlive/texmf-dist/tex/latex/biblatex/biblatex.cfg
File: biblatex.cfg 
)))
Package biblatex Info: Trying to load language 'russian'...
Package biblatex Info: ... file 'russian.lbx' found.

(/usr/share/texlive/texmf-dist/tex/latex/biblatex/lbx/russian.lbx
File: russian.lbx 2017/12/19 v3.10 biblatex localization (PK/JW/AB)
)
Package biblatex Info: Trying to load language 'english'...
Package biblatex Info: ... file 'english.lbx' found.

(/usr/share/texlive/texmf-dist/tex/latex/biblatex/lbx/english.lbx
File: english.lbx 2017/12/19 v3.10 biblatex localization (PK/JW/AB)
)

Package biblatex Warning: 'babel/polyglossia' detected but 'csquotes' missing.
(biblatex)                Loading 'csquotes' recommended.

\@quotelevel=\count406
\@quotereset=\count407
(./diplom.aux)
\openout1 = `diplom.aux'.

LaTeX Font Info:    Checking defaults for OML/cmm/m/it on input line 5.
LaTeX Font Info:    ... okay on input line 5.
LaTeX Font Info:    Checking defaults for T1/cmr/m/n on input line 5.
LaTeX Font Info:    ... okay on input line 5.
LaTeX Font Info:    Checking defaults for OT1/cmr/m/n on input line 5.
LaTeX Font Info:    ... okay on input line 5.
LaTeX Font Info:    Checking defaults for OMS/cmsy/m/n on input line 5.
LaTeX Font Info:    ... okay on input line 5.
LaTeX Font Info:    Checking defaults for OMX/cmex/m/n on input line 5.
LaTeX Font Info:    ... okay on input line 5.
LaTeX Font Info:    Checking defaults for U/cmr/m/n on input line 5.
LaTeX Font Info:    ... okay on input line 5.
LaTeX Font Info:    Checking defaults for TS1/cmr/m/n on input line 5.
LaTeX Font Info:    Try loading font information for TS1+cmr on input line 5.
 (/usr/share/texlive/texmf-dist/tex/latex/base/ts1cmr.fd
File: ts1cmr.fd 2014/09/29 v2.5h Standard LaTeX font definitions
)
LaTeX Font Info:    ... okay on input line 5.
LaTeX Font Info:    Checking defaults for T2A/cmr/m/n on input line 5.
LaTeX Font Info:    ... okay on input line 5.
LaTeX Font Info:    Try loading font information for T2A+ptm on input line 5.
LaTeX Font Info:    No file T2Aptm.fd. on input line 5.


LaTeX Font Warning: Font shape `T2A/ptm/m/n' undefined
(Font)              using `T2A/cmr/m/n' instead on input line 5.

*geometry* driver: auto-detecting
*geometry* detected driver: pdftex
*geometry* verbose mode - [ preamble ] result:
* driver: pdftex
* paper: <default>
* layout: <same size as paper>
* layoutoffset:(h,v)=(0.0pt,0.0pt)
* modes: 
* h-part:(L,W,R)=(85.35826pt, 469.47049pt, 42.67912pt)
* v-part:(T,H,B)=(56.9055pt, 731.23584pt, 56.9055pt)
* \paperwidth=597.50787pt
* \paperheight=845.04684pt
* \textwidth=469.47049pt
* \textheight=731.23584pt
* \oddsidemargin=13.08827pt
* \evensidemargin=13.08827pt
* \topmargin=-52.36449pt
* \headheight=12.0pt
* \headsep=25.0pt
* \topskip=12.0pt
* \footskip=30.0pt
* \marginparwidth=35.0pt
* \marginparsep=10.0pt
* \columnsep=10.0pt
* \skip\footins=10.8pt plus 4.0pt minus 2.0pt
* \hoffset=0.0pt
* \voffset=0.0pt
* \mag=1000
* \@twocolumnfalse
* \@twosidefalse
* \@mparswitchfalse
* \@reversemarginfalse
* (1in=72.27pt=25.4mm, 1cm=28.453pt)


(/usr/share/texlive/texmf-dist/tex/latex/translator/translator-basic-dictionary
-English.dict
Dictionary: translator-basic-dictionary, Language: English 
)
(/usr/share/texlive/texmf-dist/tex/latex/siunitx/siunitx-abbreviations.cfg
File: siunitx-abbreviations.cfg 2017/11/26 v2.7k siunitx: Abbreviated units
)
(/usr/share/texlive/texmf-dist/tex/latex/siunitx/siunitx-binary.cfg
File: siunitx-binary.cfg 2017/11/26 v2.7k siunitx: Binary units
)
(/usr/share/texlive/texmf-dist/tex/context/base/mkii/supp-pdf.mkii
[Loading MPS to PDF converter (version 2006.09.02).]
\scratchcounter=\count408
\scratchdimen=\dimen186
\scratchbox=\box52
\nofMPsegments=\count409
\nofMParguments=\count410
\everyMPshowfont=\toks32
\MPscratchCnt=\count411
\MPscratchDim=\dimen187
\MPnumerator=\count412
\makeMPintoPDFobject=\count413
\everyMPtoPDFconversion=\toks33
) (/usr/share/texlive/texmf-dist/tex/latex/oberdiek/epstopdf-base.sty
Package: epstopdf-base 2016/05/15 v2.6 Base part for package epstopdf

(/usr/share/texlive/texmf-dist/tex/latex/oberdiek/grfext.sty
Package: grfext 2016/05/16 v1.2 Manage graphics extensions (HO)

(/usr/share/texlive/texmf-dist/tex/generic/oberdiek/kvdefinekeys.sty
Package: kvdefinekeys 2016/05/16 v1.4 Define keys (HO)
))
Package epstopdf-base Info: Redefining graphics rule for `.eps' on input line 4
38.
Package grfext Info: Graphics extension search list:
(grfext)             [.pdf,.png,.jpg,.mps,.jpeg,.jbig2,.jb2,.PDF,.PNG,.JPG,.JPE
G,.JBIG2,.JB2,.eps]
(grfext)             \AppendGraphicsExtensions on input line 456.

(/usr/share/texlive/texmf-dist/tex/latex/latexconfig/epstopdf-sys.cfg
File: epstopdf-sys.cfg 2010/07/13 v1.3 Configuration of (r)epstopdf for TeX Liv
e
))
Package caption Info: Begin \AtBeginDocument code.
Package caption Info: End \AtBeginDocument code.
Package biblatex Info: Input encoding 'utf8' detected.
Package biblatex Info: Automatic encoding selection.
(biblatex)             Assuming data encoding 'utf8'.
\openout4 = `diplom.bcf'.

Package biblatex Info: Trying to load bibliographic data...
Package biblatex Info: ... file 'diplom.bbl' found.

(./diplom.bbl)
Package biblatex Info: Reference section=0 on input line 5.
Package biblatex Info: Reference segment=0 on input line 5.
\c__siunitx_mathsf_int=\count414
LaTeX Font Info:    Try loading font information for OT1+ztmcm on input line 5.

 (/usr/share/texlive/texmf-dist/tex/latex/psnfss/ot1ztmcm.fd
File: ot1ztmcm.fd 2000/01/03 Fontinst v1.801 font definitions for OT1/ztmcm.
)
LaTeX Font Info:    Try loading font information for OML+ztmcm on input line 5.


(/usr/share/texlive/texmf-dist/tex/latex/psnfss/omlztmcm.fd
File: omlztmcm.fd 2000/01/03 Fontinst v1.801 font definitions for OML/ztmcm.
)
LaTeX Font Info:    Try loading font information for OMS+ztmcm on input line 5.


(/usr/share/texlive/texmf-dist/tex/latex/psnfss/omsztmcm.fd
File: omsztmcm.fd 2000/01/03 Fontinst v1.801 font definitions for OMS/ztmcm.
)
LaTeX Font Info:    Try loading font information for OMX+ztmcm on input line 5.


(/usr/share/texlive/texmf-dist/tex/latex/psnfss/omxztmcm.fd
File: omxztmcm.fd 2000/01/03 Fontinst v1.801 font definitions for OMX/ztmcm.
)
LaTeX Font Info:    Try loading font information for OT1+ptm on input line 5.

(/usr/share/texlive/texmf-dist/tex/latex/psnfss/ot1ptm.fd
File: ot1ptm.fd 2001/06/04 font definitions for OT1/ptm.
)
LaTeX Font Info:    Font shape `OT1/ptm/bx/n' in size <12> not available
(Font)              Font shape `OT1/ptm/b/n' tried instead on input line 5.
LaTeX Font Info:    Font shape `OT1/ptm/bx/n' in size <9> not available
(Font)              Font shape `OT1/ptm/b/n' tried instead on input line 5.
LaTeX Font Info:    Font shape `OT1/ptm/bx/n' in size <7> not available
(Font)              Font shape `OT1/ptm/b/n' tried instead on input line 5.
LaTeX Font Info:    Try loading font information for U+esint on input line 5.

(/usr/share/texlive/texmf-dist/tex/latex/esint/uesint.fd
File: uesint.fd 
)
\c__siunitx_mathtt_int=\count415
 (./annotation.tex
\IeC {\CYRG }\IeC {\cyrl }\IeC {\cyra }\IeC {\cyrv }\IeC {\cyra } 1.

LaTeX Font Warning: Font shape `T2A/ptm/bx/n' undefined
(Font)              using `T2A/ptm/m/n' instead on input line 1.

) [2


{/var/lib/texmf/fonts/map/pdftex/updmap/pdftex.map}] (./diplom.toc
LaTeX Font Info:    Try loading font information for T1+ptm on input line 2.

(/usr/share/texlive/texmf-dist/tex/latex/psnfss/t1ptm.fd
File: t1ptm.fd 2001/06/04 font definitions for T1/ptm.
) [3])
\tf@toc=\write5
\openout5 = `diplom.toc'.

 [4] (./intro.tex
\IeC {\CYRG }\IeC {\cyrl }\IeC {\cyra }\IeC {\cyrv }\IeC {\cyra } 2.

Underfull \hbox (badness 10000) in paragraph at lines 3--4

 []


LaTeX Warning: Citation 'Newman2004' on page 5 undefined on input line 5.


Underfull \hbox (badness 10000) in paragraph at lines 5--6

 []


LaTeX Warning: Citation 'ml' on page 5 undefined on input line 7.


LaTeX Warning: Citation 'ml1' on page 5 undefined on input line 7.


Underfull \hbox (badness 10000) in paragraph at lines 7--8

 []


LaTeX Font Warning: Font shape `T2A/ptm/m/it' undefined
(Font)              using `T2A/ptm/m/n' instead on input line 11.

[5

]

LaTeX Warning: Citation 'Raghavan' on page 6 undefined on input line 16.


LaTeX Warning: Citation 'infomap' on page 6 undefined on input line 16.


LaTeX Warning: Citation 'Balliu' on page 6 undefined on input line 16.


Underfull \hbox (badness 10000) in paragraph at lines 16--17

 []


LaTeX Warning: Citation 'clusteringhg' on page 6 undefined on input line 18.


LaTeX Warning: Citation 'framework' on page 6 undefined on input line 18.


LaTeX Warning: Citation 'clusteringhg' on page 6 undefined on input line 18.


LaTeX Warning: Citation 'fhg2017' on page 6 undefined on input line 18.


Underfull \hbox (badness 10000) in paragraph at lines 18--19

 []

) (./mainmatter.tex [6]
\IeC {\CYRG }\IeC {\cyrl }\IeC {\cyra }\IeC {\cyrv }\IeC {\cyra } 3.

Underfull \hbox (badness 10000) in paragraph at lines 4--5

 []


Underfull \hbox (badness 10000) in paragraph at lines 6--7

 []


LaTeX Warning: Citation 'firsthg' on page 7 undefined on input line 8.


LaTeX Warning: Citation 'core1' on page 7 undefined on input line 8.


LaTeX Warning: Citation 'core2' on page 7 undefined on input line 8.


LaTeX Warning: Citation 'core3' on page 7 undefined on input line 8.


Underfull \hbox (badness 10000) in paragraph at lines 8--9

 []


Underfull \hbox (badness 10000) in paragraph at lines 10--11

 []

[7

]

LaTeX Warning: Citation 'clusteringhg' on page 8 undefined on input line 12.


Underfull \hbox (badness 10000) in paragraph at lines 12--13

 []


LaTeX Warning: Citation 'clusteringhg' on page 8 undefined on input line 14.


Underfull \hbox (badness 10000) in paragraph at lines 14--15

 []

[8]

LaTeX Warning: Citation 'betweenness' on page 9 undefined on input line 22.

[9]
Underfull \hbox (badness 10000) in paragraph at lines 39--41

 []

[10]

LaTeX Warning: Citation 'pagerankcent' on page 11 undefined on input line 62.


LaTeX Warning: Citation 'pagerank' on page 11 undefined on input line 67.


LaTeX Warning: Citation 'modularity' on page 11 undefined on input line 76.


Underfull \hbox (badness 10000) in paragraph at lines 76--77

 []

[11]
Underfull \hbox (badness 10000) in paragraph at lines 81--83

 []


LaTeX Warning: Citation 'louvain' on page 12 undefined on input line 84.


Underfull \hbox (badness 10000) in paragraph at lines 91--93

 []


LaTeX Warning: Citation 'louvain' on page 12 undefined on input line 94.

[12]

LaTeX Warning: Citation 'randomgraphs' on page 13 undefined on input line 100.


Underfull \hbox (badness 10000) in paragraph at lines 103--105

 []


LaTeX Warning: Citation 'barabashi2003' on page 13 undefined on input line 106.


[13]
Underfull \hbox (badness 10000) in paragraph at lines 132--134

 []

[14]
Underfull \hbox (badness 10000) in paragraph at lines 138--140

 []


Underfull \hbox (badness 10000) in paragraph at lines 155--156

 []


LaTeX Warning: Citation 'shapiro' on page 15 undefined on input line 157.


Underfull \hbox (badness 10000) in paragraph at lines 157--158

 []


LaTeX Warning: Citation 'jarqueber' on page 15 undefined on input line 159.


Underfull \hbox (badness 10000) in paragraph at lines 159--160

 []

[15]
\IeC {\CYRG }\IeC {\cyrl }\IeC {\cyra }\IeC {\cyrv }\IeC {\cyra } 4.

Underfull \hbox (badness 10000) in paragraph at lines 168--169

 []


Underfull \hbox (badness 10000) in paragraph at lines 170--171

 []

[16

]
Underfull \hbox (badness 10000) in paragraph at lines 175--177

 []


Underfull \hbox (badness 10000) in paragraph at lines 201--202

 []

[17]
Underfull \hbox (badness 10000) in paragraph at lines 203--204

 []

[18]
\IeC {\CYRG }\IeC {\cyrl }\IeC {\cyra }\IeC {\cyrv }\IeC {\cyra } 5.
<pics/colormap.png, id=66, 144.54pt x 150.5625pt>
File: pics/colormap.png Graphic file (type png)
<use pics/colormap.png>
Package pdftex.def Info: pics/colormap.png  used on input line 215.
(pdftex.def)             Requested size: 112.74072pt x 117.43826pt.
<pics/random_count.png, id=68, 1159.33125pt x 650.43pt>
File: pics/random_count.png Graphic file (type png)
<use pics/random_count.png>
Package pdftex.def Info: pics/random_count.png  used on input line 220.
(pdftex.def)             Requested size: 469.47049pt x 263.39293pt.
<pics/random_d.png, id=69, 1167.36125pt x 643.40375pt>
File: pics/random_d.png Graphic file (type png)
<use pics/random_d.png>
Package pdftex.def Info: pics/random_d.png  used on input line 227.
(pdftex.def)             Requested size: 469.47049pt x 258.75102pt.
<pics/jaccard_count.png, id=70, 1182.4175pt x 659.46375pt>
File: pics/jaccard_count.png Graphic file (type png)
<use pics/jaccard_count.png>
Package pdftex.def Info: pics/jaccard_count.png  used on input line 234.
(pdftex.def)             Requested size: 469.47049pt x 261.82867pt.
<pics/jaccard_d.png, id=71, 1171.37625pt x 663.47874pt>
File: pics/jaccard_d.png Graphic file (type png)
<use pics/jaccard_d.png>
Package pdftex.def Info: pics/jaccard_d.png  used on input line 241.
(pdftex.def)             Requested size: 469.47049pt x 265.91322pt.

Underfull \hbox (badness 10000) in paragraph at lines 246--247

 []

[19

 <./pics/colormap.png>] [20 <./pics/random_count.png> <./pics/random_d.png>] [2
1 <./pics/jaccard_count.png> <./pics/jaccard_d.png>]
Underfull \hbox (badness 10000) in paragraph at lines 248--249

 []

<pics/ba_static.png, id=87, 1169.36874pt x 612.2875pt>
File: pics/ba_static.png Graphic file (type png)
<use pics/ba_static.png>
Package pdftex.def Info: pics/ba_static.png  used on input line 254.
(pdftex.def)             Requested size: 469.47049pt x 245.81691pt.
<pics/ba_static_d.png, id=88, 1185.42876pt x 616.3025pt>
File: pics/ba_static_d.png Graphic file (type png)
<use pics/ba_static_d.png>
Package pdftex.def Info: pics/ba_static_d.png  used on input line 263.
(pdftex.def)             Requested size: 469.47049pt x 244.0716pt.

LaTeX Warning: `!h' float specifier changed to `!ht'.

<pics/ba_jaccard.png, id=89, 1151.30125pt x 612.2875pt>
File: pics/ba_jaccard.png Graphic file (type png)
<use pics/ba_jaccard.png>
Package pdftex.def Info: pics/ba_jaccard.png  used on input line 270.
(pdftex.def)             Requested size: 469.47049pt x 249.67546pt.

LaTeX Warning: `!h' float specifier changed to `!ht'.

<pics/ba_jaccard_d.png, id=90, 1154.3125pt x 607.26875pt>
File: pics/ba_jaccard_d.png Graphic file (type png)
<use pics/ba_jaccard_d.png>
Package pdftex.def Info: pics/ba_jaccard_d.png  used on input line 277.
(pdftex.def)             Requested size: 469.47049pt x 246.9803pt.

LaTeX Warning: `!h' float specifier changed to `!ht'.

[22 <./pics/ba_static.png>]
Underfull \hbox (badness 10000) in paragraph at lines 284--285

 []

[23 <./pics/ba_static_d.png> <./pics/ba_jaccard.png>]
Underfull \hbox (badness 10000) in paragraph at lines 300--301

 []


Underfull \hbox (badness 10000) in paragraph at lines 302--303

 []

[24 <./pics/ba_jaccard_d.png>]
Underfull \hbox (badness 10000) in paragraph at lines 304--305

 []


Underfull \hbox (badness 10000) in paragraph at lines 321--322

 []


Underfull \hbox (badness 10000) in paragraph at lines 323--324

 []

[25]
Underfull \hbox (badness 10000) in paragraph at lines 325--326

 []

<pics/interpolation.png, id=107, 433.62pt x 289.08pt>
File: pics/interpolation.png Graphic file (type png)
<use pics/interpolation.png>
Package pdftex.def Info: pics/interpolation.png  used on input line 331.
(pdftex.def)             Requested size: 469.47049pt x 312.99571pt.
[26 <./pics/interpolation.png>]
<pics/distribution.png, id=113, 433.62pt x 289.08pt>
File: pics/distribution.png Graphic file (type png)
<use pics/distribution.png>
Package pdftex.def Info: pics/distribution.png  used on input line 341.
(pdftex.def)             Requested size: 469.47049pt x 312.99571pt.

Underfull \hbox (badness 10000) in paragraph at lines 346--347

 []


Underfull \hbox (badness 10000) in paragraph at lines 348--349

 []

[27 <./pics/distribution.png>]
<pics/d1234.png, id=118, 1342.01375pt x 826.08624pt>
File: pics/d1234.png Graphic file (type png)
<use pics/d1234.png>
Package pdftex.def Info: pics/d1234.png  used on input line 355.
(pdftex.def)             Requested size: 469.47049pt x 288.98325pt.
<pics/d12.png, id=119, 1135.24126pt x 354.32375pt>
File: pics/d12.png Graphic file (type png)
<use pics/d12.png>
Package pdftex.def Info: pics/d12.png  used on input line 364.
(pdftex.def)             Requested size: 469.47049pt x 146.52798pt.


LaTeX Warning: `!h' float specifier changed to `!ht'.

<pics/qqs.png, id=120, 867.24pt x 289.08pt>
File: pics/qqs.png Graphic file (type png)
<use pics/qqs.png>
Package pdftex.def Info: pics/qqs.png  used on input line 373.
(pdftex.def)             Requested size: 469.47049pt x 156.49344pt.

LaTeX Warning: `!h' float specifier changed to `!ht'.

) (./conclusion.tex) [28 <./pics/d1234.png>]

LaTeX Warning: Empty bibliography on input line 20.

[29 <./pics/d12.png> <./pics/qqs.png>] (./diplom.aux)

LaTeX Font Warning: Some font shapes were not available, defaults substituted.


LaTeX Warning: There were undefined references.


Package biblatex Warning: Please (re)run Biber on the file:
(biblatex)                diplom
(biblatex)                and rerun LaTeX afterwards.

Package logreq Info: Writing requests to 'diplom.run.xml'.
\openout1 = `diplom.run.xml'.

 ) 
Here is how much of TeX's memory you used:
 24561 strings out of 492982
 463276 string characters out of 6134895
 865135 words of memory out of 5000000
 27778 multiletter control sequences out of 15000+600000
 563158 words of font info for 93 fonts, out of 8000000 for 9000
 1141 hyphenation exceptions out of 8191
 56i,13n,45p,10439b,2481s stack positions out of 5000i,500n,10000p,200000b,80000s
{/usr/share/texlive/texmf-dist/fonts/enc/dvips/base/8r.enc}{/usr/share/texmf/
fonts/enc/dvips/cm-super/cm-super-t2a.enc}</usr/share/texlive/texmf-dist/fonts/
type1/public/amsfonts/cm/cmmi10.pfb></usr/share/texlive/texmf-dist/fonts/type1/
public/amsfonts/cm/cmr10.pfb></usr/share/texlive/texmf-dist/fonts/type1/public/
amsfonts/cm/cmsy10.pfb></usr/share/texmf/fonts/type1/public/cm-super/sfrm1200.p
fb></usr/share/texmf/fonts/type1/public/cm-super/sfrm1440.pfb></usr/share/texli
ve/texmf-dist/fonts/type1/urw/symbol/usyr.pfb></usr/share/texlive/texmf-dist/fo
nts/type1/urw/symbol/usyr.pfb></usr/share/texlive/texmf-dist/fonts/type1/urw/ti
mes/utmb8a.pfb></usr/share/texlive/texmf-dist/fonts/type1/urw/times/utmr8a.pfb>
</usr/share/texlive/texmf-dist/fonts/type1/urw/times/utmri8a.pfb>
Output written on diplom.pdf (28 pages, 920252 bytes).
PDF statistics:
 165 PDF objects out of 1000 (max. 8388607)
 96 compressed objects within 1 object stream
 0 named destinations out of 1000 (max. 500000)
 71 words of extra memory for PDF output out of 10000 (max. 10000000)

